2023-04-03 21:00:38,736 - INFO -  Reference: 100359
2023-04-03 21:00:39,204 - WARNING -  Execution of job "post (trigger: interval[0:00:03], next run at: 2023-04-03 21:00:39 EAT)" skipped: maximum number of running instances reached (1)
2023-04-03 21:00:42,203 - WARNING -  Execution of job "post (trigger: interval[0:00:03], next run at: 2023-04-03 21:00:42 EAT)" skipped: maximum number of running instances reached (1)
2023-04-03 21:00:45,202 - WARNING -  Execution of job "post (trigger: interval[0:00:03], next run at: 2023-04-03 21:00:45 EAT)" skipped: maximum number of running instances reached (1)
2023-04-03 21:00:48,202 - WARNING -  Execution of job "post (trigger: interval[0:00:03], next run at: 2023-04-03 21:00:48 EAT)" skipped: maximum number of running instances reached (1)
2023-04-03 21:00:51,202 - WARNING -  Execution of job "post (trigger: interval[0:00:03], next run at: 2023-04-03 21:00:51 EAT)" skipped: maximum number of running instances reached (1)
2023-04-03 21:00:54,202 - WARNING -  Execution of job "post (trigger: interval[0:00:03], next run at: 2023-04-03 21:00:54 EAT)" skipped: maximum number of running instances reached (1)
2023-04-03 21:00:57,202 - WARNING -  Execution of job "post (trigger: interval[0:00:03], next run at: 2023-04-03 21:00:57 EAT)" skipped: maximum number of running instances reached (1)
2023-04-03 21:01:00,203 - WARNING -  Execution of job "post (trigger: interval[0:00:03], next run at: 2023-04-03 21:01:00 EAT)" skipped: maximum number of running instances reached (1)
2023-04-03 21:01:03,202 - WARNING -  Execution of job "post (trigger: interval[0:00:03], next run at: 2023-04-03 21:01:03 EAT)" skipped: maximum number of running instances reached (1)
2023-04-03 21:01:06,202 - WARNING -  Execution of job "post (trigger: interval[0:00:03], next run at: 2023-04-03 21:01:06 EAT)" skipped: maximum number of running instances reached (1)
2023-04-03 21:01:09,202 - WARNING -  Execution of job "post (trigger: interval[0:00:03], next run at: 2023-04-03 21:01:09 EAT)" skipped: maximum number of running instances reached (1)
2023-04-03 21:01:12,202 - WARNING -  Execution of job "post (trigger: interval[0:00:03], next run at: 2023-04-03 21:01:12 EAT)" skipped: maximum number of running instances reached (1)
2023-04-03 21:01:12,254 - INFO -  Job "post (trigger: interval[0:00:03], next run at: 2023-04-03 21:01:15 EAT)" executed successfully
2023-04-03 21:01:15,203 - INFO -  Running job "post (trigger: interval[0:00:03], next run at: 2023-04-03 21:01:18 EAT)" (scheduled at 2023-04-03 21:01:15.200943+03:00)
2023-04-03 21:01:15,574 - INFO -  Job "post (trigger: interval[0:00:03], next run at: 2023-04-03 21:01:18 EAT)" executed successfully
2023-04-03 21:01:18,202 - INFO -  Running job "post (trigger: interval[0:00:03], next run at: 2023-04-03 21:01:21 EAT)" (scheduled at 2023-04-03 21:01:18.200943+03:00)
2023-04-03 21:01:18,935 - INFO -  Job "post (trigger: interval[0:00:03], next run at: 2023-04-03 21:01:21 EAT)" executed successfully
2023-04-03 21:01:21,202 - INFO -  Running job "post (trigger: interval[0:00:03], next run at: 2023-04-03 21:01:24 EAT)" (scheduled at 2023-04-03 21:01:21.200943+03:00)
2023-04-03 21:01:21,926 - INFO -  Job "post (trigger: interval[0:00:03], next run at: 2023-04-03 21:01:24 EAT)" executed successfully
2023-04-03 21:01:24,202 - INFO -  Running job "post (trigger: interval[0:00:03], next run at: 2023-04-03 21:01:27 EAT)" (scheduled at 2023-04-03 21:01:24.200943+03:00)
2023-04-03 21:01:24,556 - INFO -  Job "post (trigger: interval[0:00:03], next run at: 2023-04-03 21:01:27 EAT)" executed successfully
2023-04-03 21:19:30,500 - INFO -  Checking next: No new order
2023-04-03 21:19:30,501 - INFO -  Job "post (trigger: interval[0:00:03], next run at: 2023-04-03 21:19:32 EAT)" executed successfully
2023-04-03 21:19:32,794 - INFO -  Running job "post (trigger: interval[0:00:03], next run at: 2023-04-03 21:19:35 EAT)" (scheduled at 2023-04-03 21:19:32.790682+03:00)
2023-04-03 21:19:33,132 - INFO -  Checking next: No new order
2023-04-03 21:19:33,133 - INFO -  Job "post (trigger: interval[0:00:03], next run at: 2023-04-03 21:19:35 EAT)" executed successfully
